<?xml version="1.0" encoding="UTF-8"?>
<suite name="Junit  Automation">
    <test name="Webform Submission">
        <classes>
            <class name="MyJunitAutomation">

            </class>
        </classes>

    </test>


</suite>